This is pdfTeX, Version 3.141592653-2.6-1.40.25 (MiKTeX 24.1) (preloaded format=pdflatex 2025.5.10)  13 MAY 2025 09:27
entering extended mode
 restricted \write18 enabled.
 file:line:error style messages enabled.
 %&-line parsing enabled.
**"c:/Users/zbira/OneDrive - ESPRIT/Bureau/Final pi Report/report.tex"
(c:/Users/zbira/OneDrive - ESPRIT/Bureau/Final pi Report/report.tex
LaTeX2e <2023-11-01> patch level 1
L3 programming layer <2024-01-04>
(C:\Users\zbira\AppData\Local\Programs\MiKTeX\tex/latex/base\report.cls
Document Class: report 2023/05/17 v1.4n Standard LaTeX document class
(C:\Users\zbira\AppData\Local\Programs\MiKTeX\tex/latex/base\size12.clo
File: size12.clo 2023/05/17 v1.4n Standard LaTeX file (size option)
)
\c@part=\count187
\c@chapter=\count188
\c@section=\count189
\c@subsection=\count190
\c@subsubsection=\count191
\c@paragraph=\count192
\c@subparagraph=\count193
\c@figure=\count194
\c@table=\count195
\abovecaptionskip=\skip48
\belowcaptionskip=\skip49
\bibindent=\dimen140
) (C:\Users\zbira\AppData\Local\Programs\MiKTeX\tex/latex/base\inputenc.sty
Package: inputenc 2021/02/14 v1.3d Input encoding file
\inpenc@prehook=\toks17
\inpenc@posthook=\toks18
) (C:\Users\zbira\AppData\Local\Programs\MiKTeX\tex/latex/base\fontenc.sty
Package: fontenc 2021/04/29 v2.0v Standard LaTeX package
) (C:\Users\zbira\AppData\Local\Programs\MiKTeX\tex/latex/lm\lmodern.sty
Package: lmodern 2015/05/01 v1.6.1 Latin Modern Fonts
LaTeX Font Info:    Overwriting symbol font `operators' in version `normal'
(Font)                  OT1/cmr/m/n --> OT1/lmr/m/n on input line 22.
LaTeX Font Info:    Overwriting symbol font `letters' in version `normal'
(Font)                  OML/cmm/m/it --> OML/lmm/m/it on input line 23.
LaTeX Font Info:    Overwriting symbol font `symbols' in version `normal'
(Font)                  OMS/cmsy/m/n --> OMS/lmsy/m/n on input line 24.
LaTeX Font Info:    Overwriting symbol font `largesymbols' in version `normal'
(Font)                  OMX/cmex/m/n --> OMX/lmex/m/n on input line 25.
LaTeX Font Info:    Overwriting symbol font `operators' in version `bold'
(Font)                  OT1/cmr/bx/n --> OT1/lmr/bx/n on input line 26.
LaTeX Font Info:    Overwriting symbol font `letters' in version `bold'
(Font)                  OML/cmm/b/it --> OML/lmm/b/it on input line 27.
LaTeX Font Info:    Overwriting symbol font `symbols' in version `bold'
(Font)                  OMS/cmsy/b/n --> OMS/lmsy/b/n on input line 28.
LaTeX Font Info:    Overwriting symbol font `largesymbols' in version `bold'
(Font)                  OMX/cmex/m/n --> OMX/lmex/m/n on input line 29.
LaTeX Font Info:    Overwriting math alphabet `\mathbf' in version `normal'
(Font)                  OT1/cmr/bx/n --> OT1/lmr/bx/n on input line 31.
LaTeX Font Info:    Overwriting math alphabet `\mathsf' in version `normal'
(Font)                  OT1/cmss/m/n --> OT1/lmss/m/n on input line 32.
LaTeX Font Info:    Overwriting math alphabet `\mathit' in version `normal'
(Font)                  OT1/cmr/m/it --> OT1/lmr/m/it on input line 33.
LaTeX Font Info:    Overwriting math alphabet `\mathtt' in version `normal'
(Font)                  OT1/cmtt/m/n --> OT1/lmtt/m/n on input line 34.
LaTeX Font Info:    Overwriting math alphabet `\mathbf' in version `bold'
(Font)                  OT1/cmr/bx/n --> OT1/lmr/bx/n on input line 35.
LaTeX Font Info:    Overwriting math alphabet `\mathsf' in version `bold'
(Font)                  OT1/cmss/bx/n --> OT1/lmss/bx/n on input line 36.
LaTeX Font Info:    Overwriting math alphabet `\mathit' in version `bold'
(Font)                  OT1/cmr/bx/it --> OT1/lmr/bx/it on input line 37.
LaTeX Font Info:    Overwriting math alphabet `\mathtt' in version `bold'
(Font)                  OT1/cmtt/m/n --> OT1/lmtt/m/n on input line 38.
) (C:\Users\zbira\AppData\Local\Programs\MiKTeX\tex/latex/graphics\graphicx.sty
Package: graphicx 2021/09/16 v1.2d Enhanced LaTeX Graphics (DPC,SPQR)
 (C:\Users\zbira\AppData\Local\Programs\MiKTeX\tex/latex/graphics\keyval.sty
Package: keyval 2022/05/29 v1.15 key=value parser (DPC)
\KV@toks@=\toks19
) (C:\Users\zbira\AppData\Local\Programs\MiKTeX\tex/latex/graphics\graphics.sty
Package: graphics 2022/03/10 v1.4e Standard LaTeX Graphics (DPC,SPQR)
 (C:\Users\zbira\AppData\Local\Programs\MiKTeX\tex/latex/graphics\trig.sty
Package: trig 2021/08/11 v1.11 sin cos tan (DPC)
) (C:\Users\zbira\AppData\Local\Programs\MiKTeX\tex/latex/graphics-cfg\graphics.cfg
File: graphics.cfg 2016/06/04 v1.11 sample graphics configuration
)
Package graphics Info: Driver file: pdftex.def on input line 107.
 (C:\Users\zbira\AppData\Local\Programs\MiKTeX\tex/latex/graphics-def\pdftex.def
File: pdftex.def 2022/09/22 v1.2b Graphics/color driver for pdftex
))
\Gin@req@height=\dimen141
\Gin@req@width=\dimen142
) (C:\Users\zbira\AppData\Local\Programs\MiKTeX\tex/latex/xcolor\xcolor.sty
Package: xcolor 2023/11/15 v3.01 LaTeX color extensions (UK)
 (C:\Users\zbira\AppData\Local\Programs\MiKTeX\tex/latex/graphics-cfg\color.cfg
File: color.cfg 2016/01/02 v1.6 sample color configuration
)
Package xcolor Info: Driver file: pdftex.def on input line 274.
 (C:\Users\zbira\AppData\Local\Programs\MiKTeX\tex/latex/graphics\mathcolor.ltx)
Package xcolor Info: Model `cmy' substituted by `cmy0' on input line 1350.
Package xcolor Info: Model `hsb' substituted by `rgb' on input line 1354.
Package xcolor Info: Model `RGB' extended on input line 1366.
Package xcolor Info: Model `HTML' substituted by `rgb' on input line 1368.
Package xcolor Info: Model `Hsb' substituted by `hsb' on input line 1369.
Package xcolor Info: Model `tHsb' substituted by `hsb' on input line 1370.
Package xcolor Info: Model `HSB' substituted by `hsb' on input line 1371.
Package xcolor Info: Model `Gray' substituted by `gray' on input line 1372.
Package xcolor Info: Model `wave' substituted by `hsb' on input line 1373.
) (C:\Users\zbira\AppData\Local\Programs\MiKTeX\tex/latex/geometry\geometry.sty
Package: geometry 2020/01/02 v5.9 Page Geometry
 (C:\Users\zbira\AppData\Local\Programs\MiKTeX\tex/generic/iftex\ifvtex.sty
Package: ifvtex 2019/10/25 v1.7 ifvtex legacy package. Use iftex instead.
 (C:\Users\zbira\AppData\Local\Programs\MiKTeX\tex/generic/iftex\iftex.sty
Package: iftex 2022/02/03 v1.0f TeX engine tests
))
\Gm@cnth=\count196
\Gm@cntv=\count197
\c@Gm@tempcnt=\count198
\Gm@bindingoffset=\dimen143
\Gm@wd@mp=\dimen144
\Gm@odd@mp=\dimen145
\Gm@even@mp=\dimen146
\Gm@layoutwidth=\dimen147
\Gm@layoutheight=\dimen148
\Gm@layouthoffset=\dimen149
\Gm@layoutvoffset=\dimen150
\Gm@dimlist=\toks20
 (C:\Users\zbira\AppData\Local\Programs\MiKTeX\tex/latex/geometry\geometry.cfg)) (C:\Users\zbira\AppData\Local\Programs\MiKTeX\tex/latex/fancyhdr\fancyhdr.sty
Package: fancyhdr 2025/02/07 v5.2 Extensive control of page headers and footers
\f@nch@headwidth=\skip50
\f@nch@offset@elh=\skip51
\f@nch@offset@erh=\skip52
\f@nch@offset@olh=\skip53
\f@nch@offset@orh=\skip54
\f@nch@offset@elf=\skip55
\f@nch@offset@erf=\skip56
\f@nch@offset@olf=\skip57
\f@nch@offset@orf=\skip58
\f@nch@height=\skip59
\f@nch@footalignment=\skip60
\f@nch@widthL=\skip61
\f@nch@widthC=\skip62
\f@nch@widthR=\skip63
\@temptokenb=\toks21
) (C:\Users\zbira\AppData\Local\Programs\MiKTeX\tex/latex/eso-pic\eso-pic.sty
Package: eso-pic 2023/05/03 v3.0c eso-pic (RN)
\ESO@tempdima=\dimen151
\ESO@tempdimb=\dimen152
) (C:\Users\zbira\AppData\Local\Programs\MiKTeX\tex/latex/setspace\setspace.sty
Package: setspace 2022/12/04 v6.7b set line spacing
) (C:\Users\zbira\AppData\Local\Programs\MiKTeX\tex/latex/booktabs\booktabs.sty
Package: booktabs 2020/01/12 v1.61803398 Publication quality tables
\heavyrulewidth=\dimen153
\lightrulewidth=\dimen154
\cmidrulewidth=\dimen155
\belowrulesep=\dimen156
\belowbottomsep=\dimen157
\aboverulesep=\dimen158
\abovetopsep=\dimen159
\cmidrulesep=\dimen160
\cmidrulekern=\dimen161
\defaultaddspace=\dimen162
\@cmidla=\count199
\@cmidlb=\count266
\@aboverulesep=\dimen163
\@belowrulesep=\dimen164
\@thisruleclass=\count267
\@lastruleclass=\count268
\@thisrulewidth=\dimen165
) (C:\Users\zbira\AppData\Local\Programs\MiKTeX\tex/latex/enumitem\enumitem.sty
Package: enumitem 2025/02/06 v3.11 Customized lists
\labelindent=\skip64
\enit@outerparindent=\dimen166
\enit@toks=\toks22
\enit@inbox=\box51
\enit@count@id=\count269
\enitdp@description=\count270
) (C:\Users\zbira\AppData\Local\Programs\MiKTeX\tex/latex/multirow\multirow.sty
Package: multirow 2024/11/12 v2.9 Span multiple rows of a table
\multirow@colwidth=\skip65
\multirow@cntb=\count271
\multirow@dima=\skip66
\bigstrutjot=\dimen167
) (C:\Users\zbira\AppData\Local\Programs\MiKTeX\tex/latex/tools\array.sty
Package: array 2023/10/16 v2.5g Tabular extension package (FMi)
\col@sep=\dimen168
\ar@mcellbox=\box52
\extrarowheight=\dimen169
\NC@list=\toks23
\extratabsurround=\skip67
\backup@length=\skip68
\ar@cellbox=\box53
) (C:\Users\zbira\AppData\Local\Programs\MiKTeX\tex/latex/colortbl\colortbl.sty
Package: colortbl 2024/07/06 v1.0i Color table columns (DPC)
\everycr=\toks24
\minrowclearance=\skip69
\rownum=\count272
) (C:\Users\zbira\AppData\Local\Programs\MiKTeX\tex/latex/titlesec\titlesec.sty
Package: titlesec 2025/01/04 v2.17 Sectioning titles
\ttl@box=\box54
\beforetitleunit=\skip70
\aftertitleunit=\skip71
\ttl@plus=\dimen170
\ttl@minus=\dimen171
\ttl@toksa=\toks25
\titlewidth=\dimen172
\titlewidthlast=\dimen173
\titlewidthfirst=\dimen174
) (C:\Users\zbira\AppData\Local\Programs\MiKTeX\tex/latex/microtype\microtype.sty
Package: microtype 2025/02/11 v3.2a Micro-typographical refinements (RS)
 (C:\Users\zbira\AppData\Local\Programs\MiKTeX\tex/latex/etoolbox\etoolbox.sty
Package: etoolbox 2020/10/05 v2.5k e-TeX tools for LaTeX (JAW)
\etb@tempcnta=\count273
)
\MT@toks=\toks26
\MT@tempbox=\box55
\MT@count=\count274
LaTeX Info: Redefining \noprotrusionifhmode on input line 1087.
LaTeX Info: Redefining \leftprotrusion on input line 1088.
\MT@prot@toks=\toks27
LaTeX Info: Redefining \rightprotrusion on input line 1107.
LaTeX Info: Redefining \textls on input line 1449.
\MT@outer@kern=\dimen175
LaTeX Info: Redefining \microtypecontext on input line 2053.
LaTeX Info: Redefining \textmicrotypecontext on input line 2070.
\MT@listname@count=\count275
 (C:\Users\zbira\AppData\Local\Programs\MiKTeX\tex/latex/microtype\microtype-pdftex.def
File: microtype-pdftex.def 2025/02/11 v3.2a Definitions specific to pdftex (RS)
LaTeX Info: Redefining \lsstyle on input line 944.
LaTeX Info: Redefining \lslig on input line 944.
\MT@outer@space=\skip72
)
Package microtype Info: Loading configuration file microtype.cfg.
 (C:\Users\zbira\AppData\Local\Programs\MiKTeX\tex/latex/microtype\microtype.cfg
File: microtype.cfg 2025/02/11 v3.2a microtype main configuration file (RS)
)
LaTeX Info: Redefining \microtypesetup on input line 3065.
) (C:\Users\zbira\AppData\Local\Programs\MiKTeX\tex/latex/float\float.sty
Package: float 2001/11/08 v1.3d Float enhancements (AL)
\c@float@type=\count276
\float@exts=\toks28
\float@box=\box56
\@float@everytoks=\toks29
\@floatcapt=\box57
) (C:\Users\zbira\AppData\Local\Programs\MiKTeX\tex/latex/hyperref\hyperref.sty
Package: hyperref 2023-11-26 v7.01g Hypertext links for LaTeX
 (C:\Users\zbira\AppData\Local\Programs\MiKTeX\tex/generic/infwarerr\infwarerr.sty
Package: infwarerr 2019/12/03 v1.5 Providing info/warning/error messages (HO)
) (C:\Users\zbira\AppData\Local\Programs\MiKTeX\tex/latex/kvsetkeys\kvsetkeys.sty
Package: kvsetkeys 2022-10-05 v1.19 Key value parser (HO)
) (C:\Users\zbira\AppData\Local\Programs\MiKTeX\tex/generic/kvdefinekeys\kvdefinekeys.sty
Package: kvdefinekeys 2019-12-19 v1.6 Define keys (HO)
) (C:\Users\zbira\AppData\Local\Programs\MiKTeX\tex/generic/pdfescape\pdfescape.sty
Package: pdfescape 2019/12/09 v1.15 Implements pdfTeX's escape features (HO)
 (C:\Users\zbira\AppData\Local\Programs\MiKTeX\tex/generic/ltxcmds\ltxcmds.sty
Package: ltxcmds 2023-12-04 v1.26 LaTeX kernel commands for general use (HO)
) (C:\Users\zbira\AppData\Local\Programs\MiKTeX\tex/generic/pdftexcmds\pdftexcmds.sty
Package: pdftexcmds 2020-06-27 v0.33 Utility functions of pdfTeX for LuaTeX (HO)
Package pdftexcmds Info: \pdf@primitive is available.
Package pdftexcmds Info: \pdf@ifprimitive is available.
Package pdftexcmds Info: \pdfdraftmode found.
)) (C:\Users\zbira\AppData\Local\Programs\MiKTeX\tex/latex/hycolor\hycolor.sty
Package: hycolor 2020-01-27 v1.10 Color options for hyperref/bookmark (HO)
) (C:\Users\zbira\AppData\Local\Programs\MiKTeX\tex/latex/letltxmacro\letltxmacro.sty
Package: letltxmacro 2019/12/03 v1.6 Let assignment for LaTeX macros (HO)
) (C:\Users\zbira\AppData\Local\Programs\MiKTeX\tex/latex/auxhook\auxhook.sty
Package: auxhook 2019-12-17 v1.6 Hooks for auxiliary files (HO)
) (C:\Users\zbira\AppData\Local\Programs\MiKTeX\tex/latex/hyperref\nameref.sty
Package: nameref 2023-11-26 v2.56 Cross-referencing by name of section
 (C:\Users\zbira\AppData\Local\Programs\MiKTeX\tex/latex/refcount\refcount.sty
Package: refcount 2019/12/15 v3.6 Data extraction from label references (HO)
) (C:\Users\zbira\AppData\Local\Programs\MiKTeX\tex/generic/gettitlestring\gettitlestring.sty
Package: gettitlestring 2019/12/15 v1.6 Cleanup title references (HO)
 (C:\Users\zbira\AppData\Local\Programs\MiKTeX\tex/latex/kvoptions\kvoptions.sty
Package: kvoptions 2022-06-15 v3.15 Key value format for package options (HO)
))
\c@section@level=\count277
)
\@linkdim=\dimen176
\Hy@linkcounter=\count278
\Hy@pagecounter=\count279
 (C:\Users\zbira\AppData\Local\Programs\MiKTeX\tex/latex/hyperref\pd1enc.def
File: pd1enc.def 2023-11-26 v7.01g Hyperref: PDFDocEncoding definition (HO)
Now handling font encoding PD1 ...
... no UTF-8 mapping file for font encoding PD1
) (C:\Users\zbira\AppData\Local\Programs\MiKTeX\tex/generic/intcalc\intcalc.sty
Package: intcalc 2019/12/15 v1.3 Expandable calculations with integers (HO)
)
\Hy@SavedSpaceFactor=\count280
 (C:\Users\zbira\AppData\Local\Programs\MiKTeX\tex/latex/hyperref\puenc.def
File: puenc.def 2023-11-26 v7.01g Hyperref: PDF Unicode definition (HO)
Now handling font encoding PU ...
... no UTF-8 mapping file for font encoding PU
)
Package hyperref Info: Hyper figures OFF on input line 4181.
Package hyperref Info: Link nesting OFF on input line 4186.
Package hyperref Info: Hyper index ON on input line 4189.
Package hyperref Info: Plain pages OFF on input line 4196.
Package hyperref Info: Backreferencing OFF on input line 4201.
Package hyperref Info: Implicit mode ON; LaTeX internals redefined.
Package hyperref Info: Bookmarks ON on input line 4448.
\c@Hy@tempcnt=\count281
 (C:\Users\zbira\AppData\Local\Programs\MiKTeX\tex/latex/url\url.sty
\Urlmuskip=\muskip16
Package: url 2013/09/16  ver 3.4  Verb mode for urls, etc.
)
LaTeX Info: Redefining \url on input line 4786.
\XeTeXLinkMargin=\dimen177
 (C:\Users\zbira\AppData\Local\Programs\MiKTeX\tex/generic/bitset\bitset.sty
Package: bitset 2019/12/09 v1.3 Handle bit-vector datatype (HO)
 (C:\Users\zbira\AppData\Local\Programs\MiKTeX\tex/generic/bigintcalc\bigintcalc.sty
Package: bigintcalc 2019/12/15 v1.5 Expandable calculations on big integers (HO)
))
\Fld@menulength=\count282
\Field@Width=\dimen178
\Fld@charsize=\dimen179
Package hyperref Info: Hyper figures OFF on input line 6065.
Package hyperref Info: Link nesting OFF on input line 6070.
Package hyperref Info: Hyper index ON on input line 6073.
Package hyperref Info: backreferencing OFF on input line 6080.
Package hyperref Info: Link coloring OFF on input line 6085.
Package hyperref Info: Link coloring with OCG OFF on input line 6090.
Package hyperref Info: PDF/A mode OFF on input line 6095.
 (C:\Users\zbira\AppData\Local\Programs\MiKTeX\tex/latex/base\atbegshi-ltx.sty
Package: atbegshi-ltx 2021/01/10 v1.0c Emulation of the original atbegshi
package with kernel methods
)
\Hy@abspage=\count283
\c@Item=\count284
\c@Hfootnote=\count285
)
Package hyperref Info: Driver (autodetected): hpdftex.
 (C:\Users\zbira\AppData\Local\Programs\MiKTeX\tex/latex/hyperref\hpdftex.def
File: hpdftex.def 2023-11-26 v7.01g Hyperref driver for pdfTeX
 (C:\Users\zbira\AppData\Local\Programs\MiKTeX\tex/latex/base\atveryend-ltx.sty
Package: atveryend-ltx 2020/08/19 v1.0a Emulation of the original atveryend package
with kernel methods
)
\Fld@listcount=\count286
\c@bookmark@seq@number=\count287
 (C:\Users\zbira\AppData\Local\Programs\MiKTeX\tex/latex/rerunfilecheck\rerunfilecheck.sty
Package: rerunfilecheck 2022-07-10 v1.10 Rerun checks for auxiliary files (HO)
 (C:\Users\zbira\AppData\Local\Programs\MiKTeX\tex/generic/uniquecounter\uniquecounter.sty
Package: uniquecounter 2019/12/15 v1.4 Provide unlimited unique counter (HO)
)
Package uniquecounter Info: New unique counter `rerunfilecheck' on input line 285.
)
\Hy@SectionHShift=\skip73
)
Package hyperref Info: Option `colorlinks' set `true' on input line 69.
LaTeX Font Info:    Trying to load font information for T1+lmr on input line 76.
 (C:\Users\zbira\AppData\Local\Programs\MiKTeX\tex/latex/lm\t1lmr.fd
File: t1lmr.fd 2015/05/01 v1.6.1 Font defs for Latin Modern
) (C:\Users\zbira\AppData\Local\Programs\MiKTeX\tex/latex/l3backend\l3backend-pdftex.def
File: l3backend-pdftex.def 2024-01-04 L3 backend support: PDF output (pdfTeX)
\l__color_backend_stack_int=\count288
\l__pdf_internal_box=\box58
) (report.aux)
\openout1 = `report.aux'.

LaTeX Font Info:    Checking defaults for OML/cmm/m/it on input line 76.
LaTeX Font Info:    ... okay on input line 76.
LaTeX Font Info:    Checking defaults for OMS/cmsy/m/n on input line 76.
LaTeX Font Info:    ... okay on input line 76.
LaTeX Font Info:    Checking defaults for OT1/cmr/m/n on input line 76.
LaTeX Font Info:    ... okay on input line 76.
LaTeX Font Info:    Checking defaults for T1/cmr/m/n on input line 76.
LaTeX Font Info:    ... okay on input line 76.
LaTeX Font Info:    Checking defaults for TS1/cmr/m/n on input line 76.
LaTeX Font Info:    ... okay on input line 76.
LaTeX Font Info:    Checking defaults for OMX/cmex/m/n on input line 76.
LaTeX Font Info:    ... okay on input line 76.
LaTeX Font Info:    Checking defaults for U/cmr/m/n on input line 76.
LaTeX Font Info:    ... okay on input line 76.
LaTeX Font Info:    Checking defaults for PD1/pdf/m/n on input line 76.
LaTeX Font Info:    ... okay on input line 76.
LaTeX Font Info:    Checking defaults for PU/pdf/m/n on input line 76.
LaTeX Font Info:    ... okay on input line 76.
 (C:\Users\zbira\AppData\Local\Programs\MiKTeX\tex/context/base/mkii\supp-pdf.mkii
[Loading MPS to PDF converter (version 2006.09.02).]
\scratchcounter=\count289
\scratchdimen=\dimen180
\scratchbox=\box59
\nofMPsegments=\count290
\nofMParguments=\count291
\everyMPshowfont=\toks30
\MPscratchCnt=\count292
\MPscratchDim=\dimen181
\MPnumerator=\count293
\makeMPintoPDFobject=\count294
\everyMPtoPDFconversion=\toks31
) (C:\Users\zbira\AppData\Local\Programs\MiKTeX\tex/latex/epstopdf-pkg\epstopdf-base.sty
Package: epstopdf-base 2020-01-24 v2.11 Base part for package epstopdf
Package epstopdf-base Info: Redefining graphics rule for `.eps' on input line 485.
 (C:\Users\zbira\AppData\Local\Programs\MiKTeX\tex/latex/00miktex\epstopdf-sys.cfg
File: epstopdf-sys.cfg 2021/03/18 v2.0 Configuration of epstopdf for MiKTeX
))
*geometry* driver: auto-detecting
*geometry* detected driver: pdftex
*geometry* verbose mode - [ preamble ] result:
* driver: pdftex
* paper: a4paper
* layout: <same size as paper>
* layoutoffset:(h,v)=(0.0pt,0.0pt)
* modes: 
* h-part:(L,W,R)=(126.47249pt, 344.5629pt, 126.47249pt)
* v-part:(T,H,B)=(144.54pt, 574.03436pt, 126.47249pt)
* \paperwidth=597.50787pt
* \paperheight=845.04684pt
* \textwidth=344.5629pt
* \textheight=574.03436pt
* \oddsidemargin=54.2025pt
* \evensidemargin=54.2025pt
* \topmargin=32.27pt
* \headheight=15.0pt
* \headsep=25.0pt
* \topskip=12.0pt
* \footskip=30.0pt
* \marginparwidth=35.0pt
* \marginparsep=10.0pt
* \columnsep=10.0pt
* \skip\footins=10.8pt plus 4.0pt minus 2.0pt
* \hoffset=0.0pt
* \voffset=0.0pt
* \mag=1000
* \@twocolumnfalse
* \@twosidefalse
* \@mparswitchfalse
* \@reversemarginfalse
* (1in=72.27pt=25.4mm, 1cm=28.453pt)

LaTeX Info: Redefining \microtypecontext on input line 76.
Package microtype Info: Applying patch `item' on input line 76.
Package microtype Info: Applying patch `toc' on input line 76.
Package microtype Info: Applying patch `eqnum' on input line 76.
Package microtype Info: Applying patch `footnote' on input line 76.
Package microtype Info: Applying patch `verbatim' on input line 76.
LaTeX Info: Redefining \microtypesetup on input line 76.
Package microtype Info: Generating PDF output.
Package microtype Info: Character protrusion enabled (level 2).
Package microtype Info: Using default protrusion set `alltext'.
Package microtype Info: Automatic font expansion enabled (level 2),
(microtype)             stretch: 20, shrink: 20, step: 1, non-selected.
Package microtype Info: Using default expansion set `alltext-nott'.
LaTeX Info: Redefining \showhyphens on input line 76.
Package microtype Info: No adjustment of tracking.
Package microtype Info: No adjustment of interword spacing.
Package microtype Info: No adjustment of character kerning.
(C:\Users\zbira\AppData\Local\Programs\MiKTeX\tex/latex/microtype\mt-cmr.cfg
File: mt-cmr.cfg 2013/05/19 v2.2 microtype config. file: Computer Modern Roman (RS)
)
Package hyperref Info: Link coloring ON on input line 76.
 (report.out) (report.out)
\@outlinefile=\write3
\openout3 = `report.out'.

LaTeX Font Info:    Trying to load font information for OT1+lmr on input line 101.
 (C:\Users\zbira\AppData\Local\Programs\MiKTeX\tex/latex/lm\ot1lmr.fd
File: ot1lmr.fd 2015/05/01 v1.6.1 Font defs for Latin Modern
)
LaTeX Font Info:    Trying to load font information for OML+lmm on input line 101.
 (C:\Users\zbira\AppData\Local\Programs\MiKTeX\tex/latex/lm\omllmm.fd
File: omllmm.fd 2015/05/01 v1.6.1 Font defs for Latin Modern
)
LaTeX Font Info:    Trying to load font information for OMS+lmsy on input line 101.
 (C:\Users\zbira\AppData\Local\Programs\MiKTeX\tex/latex/lm\omslmsy.fd
File: omslmsy.fd 2015/05/01 v1.6.1 Font defs for Latin Modern
)
LaTeX Font Info:    Trying to load font information for OMX+lmex on input line 101.
 (C:\Users\zbira\AppData\Local\Programs\MiKTeX\tex/latex/lm\omxlmex.fd
File: omxlmex.fd 2015/05/01 v1.6.1 Font defs for Latin Modern
)
LaTeX Font Info:    External font `lmex10' loaded for size
(Font)              <12> on input line 101.
LaTeX Font Info:    External font `lmex10' loaded for size
(Font)              <8> on input line 101.
LaTeX Font Info:    External font `lmex10' loaded for size
(Font)              <6> on input line 101.

Overfull \hbox (13.85382pt too wide) in paragraph at lines 104--105
[]|[]| 
 []

<media/esprit.png, id=451, 596.2275pt x 299.1175pt>
File: media/esprit.png Graphic file (type png)
<use media/esprit.png>
Package pdftex.def Info: media/esprit.png  used on input line 117.
(pdftex.def)             Requested size: 86.14072pt x 43.21346pt.
[1

{C:/Users/zbira/AppData/Local/MiKTeX/fonts/map/pdftex/pdftex.map}{C:/Users/zbira/AppData/Local/Programs/MiKTeX/fonts/enc/dvips/lm/lm-ec.enc} <./media/esprit.png>]
pdfTeX warning (ext4): destination with the same identifier (name{page.1}) has been already used, duplicate ignored
<to be read again> 
                   \relax 
l.127 \newpage
               [1] (report.toc [1

] [2] [3])
\tf@toc=\write4
\openout4 = `report.toc'.

 [4] (report.lof)
\tf@lof=\write5
\openout5 = `report.lof'.

 [5


] (report.lot)
\tf@lot=\write6
\openout6 = `report.lot'.

 [6


]
LaTeX Font Info:    Trying to load font information for TS1+lmr on input line 153.
 (C:\Users\zbira\AppData\Local\Programs\MiKTeX\tex/latex/lm\ts1lmr.fd
File: ts1lmr.fd 2015/05/01 v1.6.1 Font defs for Latin Modern
)
pdfTeX warning (ext4): destination with the same identifier (name{page.1}) has been already used, duplicate ignored
<to be read again> 
                   \relax 
l.154 
       [1


{C:/Users/zbira/AppData/Local/Programs/MiKTeX/fonts/enc/dvips/lm/lm-ts1.enc}] [2] [3] [4]
Chapter 1.
[5

] [6] [7] [8] [9]
<media/sdg4.png, id=686, 225.84375pt x 225.84375pt>
File: media/sdg4.png Graphic file (type png)
<use media/sdg4.png>
Package pdftex.def Info: media/sdg4.png  used on input line 300.
(pdftex.def)             Requested size: 68.91151pt x 68.91153pt.
<media/sdg8.png, id=687, 1541.76pt x 1541.76pt>
File: media/sdg8.png Graphic file (type png)
<use media/sdg8.png>
Package pdftex.def Info: media/sdg8.png  used on input line 301.
(pdftex.def)             Requested size: 68.91151pt x 68.9057pt.
<media/sdg9.png, id=688, 1204.5pt x 1204.5pt>
File: media/sdg9.png Graphic file (type png)
<use media/sdg9.png>
Package pdftex.def Info: media/sdg9.png  used on input line 302.
(pdftex.def)             Requested size: 68.91151pt x 68.90349pt.
<media/sdg17.png, id=689, 1003.75pt x 1003.75pt>
File: media/sdg17.png Graphic file (type png)
<use media/sdg17.png>
Package pdftex.def Info: media/sdg17.png  used on input line 303.
(pdftex.def)             Requested size: 68.91151pt x 68.90656pt.
 [10 <./media/sdg4.png> <./media/sdg8.png> <./media/sdg9.png> <./media/sdg17.png (PNG copy)>] [11]
Chapter 2.
LaTeX Font Info:    External font `lmex10' loaded for size
(Font)              <10.95> on input line 370.
<media/openclassroom.png, id=702, 225.84375pt x 225.84375pt>
File: media/openclassroom.png Graphic file (type png)
<use media/openclassroom.png>
Package pdftex.def Info: media/openclassroom.png  used on input line 374.
(pdftex.def)             Requested size: 22.76228pt x 22.76144pt.

Underfull \hbox (badness 10000) in paragraph at lines 374--375
\T1/lmr/bx/n/10.95 (+20) Class-
 []

<media/LeWagon.png, id=703, 225.84375pt x 225.84375pt>
File: media/LeWagon.png Graphic file (type png)
<use media/LeWagon.png>
Package pdftex.def Info: media/LeWagon.png  used on input line 387.
(pdftex.def)             Requested size: 22.76228pt x 22.76144pt.

Underfull \hbox (badness 10000) in paragraph at lines 387--388
[]|[] \T1/lmr/bx/n/10.95 (+20) Le
 []

<media/udemy.png, id=704, 225.84375pt x 225.84375pt>
File: media/udemy.png Graphic file (type png)
<use media/udemy.png>
Package pdftex.def Info: media/udemy.png  used on input line 400.
(pdftex.def)             Requested size: 22.76228pt x 22.76144pt.

Underfull \hbox (badness 10000) in paragraph at lines 400--401
[]|[]
 []

<media/coursera.png, id=705, 225.84375pt x 225.84375pt>
File: media/coursera.png Graphic file (type png)
<use media/coursera.png>
Package pdftex.def Info: media/coursera.png  used on input line 413.
(pdftex.def)             Requested size: 22.76228pt x 22.76144pt.

Underfull \hbox (badness 10000) in paragraph at lines 413--414
[]|[]
 []


Underfull \hbox (badness 10000) in paragraph at lines 413--414
\T1/lmr/bx/n/10.95 (+20) Cours-
 []

<media/freecodecamp.jpeg, id=706, 225.84375pt x 225.84375pt>
File: media/freecodecamp.jpeg Graphic file (type jpg)
<use media/freecodecamp.jpeg>
Package pdftex.def Info: media/freecodecamp.jpeg  used on input line 426.
(pdftex.def)             Requested size: 22.76228pt x 22.76144pt.

Underfull \hbox (badness 10000) in paragraph at lines 426--427
[]|[]
 []


Underfull \hbox (badness 10000) in paragraph at lines 426--427
\T1/lmr/bx/n/10.95 (+20) FreeCode-
 []


Overfull \hbox (16.47014pt too wide) in paragraph at lines 370--440
 [][] 
 []

[12

] [13 <./media/openclassroom.png> <./media/LeWagon.png> <./media/udemy.png> <./media/coursera.png> <./media/freecodecamp.jpeg>] [14]
Overfull \hbox (1.64542pt too wide) in paragraph at lines 498--498
[]|\T1/lmr/bx/n/10.95 (-20) S1| 
 []


Underfull \hbox (badness 6708) in paragraph at lines 498--498
[]|\T1/lmr/m/n/10.95 (+20) AI-powered rec-om-men-da-tion
 []


Overfull \hbox (7.54745pt too wide) in paragraph at lines 498--498
[]|\T1/lmr/bx/n/10.95 (-20) W1| 
 []


Overfull \hbox (1.64542pt too wide) in paragraph at lines 499--499
[]|\T1/lmr/bx/n/10.95 (-20) S2| 
 []


Overfull \hbox (7.54745pt too wide) in paragraph at lines 499--499
[]|\T1/lmr/bx/n/10.95 (-20) W2| 
 []


Overfull \hbox (1.64542pt too wide) in paragraph at lines 500--500
[]|\T1/lmr/bx/n/10.95 (-20) S3| 
 []


Overfull \hbox (7.54745pt too wide) in paragraph at lines 500--500
[]|\T1/lmr/bx/n/10.95 (-20) W3| 
 []


Overfull \hbox (1.64542pt too wide) in paragraph at lines 501--501
[]|\T1/lmr/bx/n/10.95 (-20) S4| 
 []


Overfull \hbox (7.54745pt too wide) in paragraph at lines 501--501
[]|\T1/lmr/bx/n/10.95 (-20) W4| 
 []


Overfull \hbox (1.64542pt too wide) in paragraph at lines 502--502
[]|\T1/lmr/bx/n/10.95 (-20) S5| 
 []


Overfull \hbox (7.54745pt too wide) in paragraph at lines 502--502
[]|\T1/lmr/bx/n/10.95 (-20) W5| 
 []


Overfull \hbox (4.05989pt too wide) in paragraph at lines 506--506
[]|\T1/lmr/bx/n/10.95 (-20) O1| 
 []


Overfull \hbox (3.37418pt too wide) in paragraph at lines 506--506
[]|\T1/lmr/bx/n/10.95 (-20) T1| 
 []


Overfull \hbox (4.05989pt too wide) in paragraph at lines 507--507
[]|\T1/lmr/bx/n/10.95 (-20) O2| 
 []


Overfull \hbox (3.37418pt too wide) in paragraph at lines 507--507
[]|\T1/lmr/bx/n/10.95 (-20) T2| 
 []


Overfull \hbox (4.05989pt too wide) in paragraph at lines 508--508
[]|\T1/lmr/bx/n/10.95 (-20) O3| 
 []


Overfull \hbox (3.37418pt too wide) in paragraph at lines 508--508
[]|\T1/lmr/bx/n/10.95 (-20) T3| 
 []


Overfull \hbox (4.05989pt too wide) in paragraph at lines 509--509
[]|\T1/lmr/bx/n/10.95 (-20) O4| 
 []


Overfull \hbox (3.37418pt too wide) in paragraph at lines 509--509
[]|\T1/lmr/bx/n/10.95 (-20) T4| 
 []


Overfull \hbox (4.05989pt too wide) in paragraph at lines 510--510
[]|\T1/lmr/bx/n/10.95 (-20) O5| 
 []


Underfull \hbox (badness 10000) in paragraph at lines 510--510
[]|\T1/lmr/m/n/10.95 (+20) Corporate train-ing mar-ket
 []


Overfull \hbox (3.37418pt too wide) in paragraph at lines 510--510
[]|\T1/lmr/bx/n/10.95 (-20) T5| 
 []


Overfull \hbox (8.10739pt too wide) in paragraph at lines 494--513
 [][] 
 []

[15]
Chapter 3.

Underfull \hbox (badness 10000) in paragraph at lines 534--534
[]|\T1/lmr/m/n/10.95 (+20) User Man-age-
 []


Underfull \hbox (badness 10000) in paragraph at lines 536--536
[]|\T1/lmr/m/n/10.95 (+20) User Man-age-
 []


Underfull \hbox (badness 10000) in paragraph at lines 538--538
[]|\T1/lmr/m/n/10.95 (+20) User Man-age-
 []


Overfull \hbox (23.0892pt too wide) in paragraph at lines 530--565
 [][] 
 []

[16

]
Overfull \hbox (23.0892pt too wide) in paragraph at lines 576--601
 [][] 
 []

[17] [18] [19] [20] [21]
Overfull \hbox (25.96779pt too wide) in paragraph at lines 700--701
[]\T1/lmr/m/n/12 (-20) The event man-age-ment com-po-nent en-hances the plat-form's community-
 []

[22]
Overfull \hbox (4.42912pt too wide) in paragraph at lines 708--709
[]\T1/lmr/bx/n/12 (-20) Project Eval-u-a-tions: \T1/lmr/m/n/12 (-20) Su-per-vi-sors can eval-u-ate stu-dent project
 []

[23] [24] [25]
Chapter 4.

Overfull \hbox (2.89978pt too wide) in paragraph at lines 783--784
[]\T1/lmr/bx/n/12 (-20) Training Man-age-ment: \T1/lmr/m/n/12 (-20) Course cre-ation, en-roll-ment, progress
 []

<media/usecase.png, id=772, 500.87125pt x 648.4225pt>
File: media/usecase.png Graphic file (type png)
<use media/usecase.png>
Package pdftex.def Info: media/usecase.png  used on input line 792.
(pdftex.def)             Requested size: 310.10449pt x 401.47362pt.
[26

] [27 <./media/usecase.png (PNG copy)>]
<media/diagramclass.png, id=781, 1080.035pt x 863.225pt>
File: media/diagramclass.png Graphic file (type png)
<use media/diagramclass.png>
Package pdftex.def Info: media/diagramclass.png  used on input line 815.
(pdftex.def)             Requested size: 310.10449pt x 247.85255pt.
 [28] [29 <./media/diagramclass.png (PNG copy)>] [30]
Chapter 5.
<media/Angular_full_color_logo.svg.png, id=795, 2055.68pt x 2055.68pt>
File: media/Angular_full_color_logo.svg.png Graphic file (type png)
<use media/Angular_full_color_logo.svg.png>
Package pdftex.def Info: media/Angular_full_color_logo.svg.png  used on input line 860.
(pdftex.def)             Requested size: 155.05225pt x 155.04762pt.
<media/spring-boot-logo.png, id=796, 301.125pt x 301.125pt>
File: media/spring-boot-logo.png Graphic file (type png)
<use media/spring-boot-logo.png>
Package pdftex.def Info: media/spring-boot-logo.png  used on input line 865.
(pdftex.def)             Requested size: 155.05225pt x 155.05583pt.
<media/Python-logo-notext.svg.png, id=797, 1876.00874pt x 2058.69125pt>
File: media/Python-logo-notext.svg.png Graphic file (type png)
<use media/Python-logo-notext.svg.png>
Package pdftex.def Info: media/Python-logo-notext.svg.png  used on input line 871.
(pdftex.def)             Requested size: 155.05225pt x 170.13312pt.
[31

] [32 <./media/Angular_full_color_logo.svg.png> <./media/spring-boot-logo.png> <./media/Python-logo-notext.svg.png>] [33] [34]
Overfull \hbox (5.48308pt too wide) in paragraph at lines 964--965
[]\T1/lmr/bx/n/12 (-20) Event Database: \T1/lmr/m/n/12 (-20) Events, reg-is-tra-tions, and at-ten-dance records 
 []

[35] [36] [37] [38] [39] [40]
Chapter 6.
<media/Landing Page.png, id=842, 1426.57968pt x 648.17157pt>
File: media/Landing Page.png Graphic file (type png)
<use media/Landing Page.png>
Package pdftex.def Info: media/Landing Page.png  used on input line 1127.
(pdftex.def)             Requested size: 310.10449pt x 140.89705pt.
<media/signin.png, id=843, 760.34062pt x 655.69969pt>
File: media/signin.png Graphic file (type png)
<use media/signin.png>
Package pdftex.def Info: media/signin.png  used on input line 1146.
(pdftex.def)             Requested size: 155.05225pt x 133.70894pt.
<media/create account.png, id=844, 639.89063pt x 653.44125pt>
File: media/create account.png Graphic file (type png)
<use media/create account.png>
Package pdftex.def Info: media/create account.png  used on input line 1151.
(pdftex.def)             Requested size: 155.05225pt x 158.33467pt.
<media/reset password.png, id=845, 693.34032pt x 609.77812pt>
File: media/reset password.png Graphic file (type png)
<use media/reset password.png>
Package pdftex.def Info: media/reset password.png  used on input line 1157.
(pdftex.def)             Requested size: 155.05225pt x 136.36606pt.
[41

] [42 <./media/Landing Page.png> <./media/signin.png> <./media/create account.png> <./media/reset password.png>]
<media/courses.png, id=859, 1428.08531pt x 650.43pt>
File: media/courses.png Graphic file (type png)
<use media/courses.png>
Package pdftex.def Info: media/courses.png  used on input line 1177.
(pdftex.def)             Requested size: 310.10449pt x 141.2391pt.
<media/sentiment analysis.png, id=860, 1428.08531pt x 650.43pt>
File: media/sentiment analysis.png Graphic file (type png)
<use media/sentiment analysis.png>
Package pdftex.def Info: media/sentiment analysis.png  used on input line 1194.
(pdftex.def)             Requested size: 310.10449pt x 141.2391pt.
<media/project match.png, id=861, 1422.81563pt x 648.17157pt>
File: media/project match.png Graphic file (type png)
<use media/project match.png>
Package pdftex.def Info: media/project match.png  used on input line 1203.
(pdftex.def)             Requested size: 310.10449pt x 141.27289pt.
 [43 <./media/courses.png>] [44 <./media/sentiment analysis.png> <./media/project match.png>]
<media/cv analysis.png, id=873, 1420.55719pt x 651.18282pt>
File: media/cv analysis.png Graphic file (type png)
<use media/cv analysis.png>
Package pdftex.def Info: media/cv analysis.png  used on input line 1222.
(pdftex.def)             Requested size: 155.05225pt x 71.0739pt.
<media/plagiat.png, id=874, 681.29532pt x 600.74437pt>
File: media/plagiat.png Graphic file (type png)
<use media/plagiat.png>
Package pdftex.def Info: media/plagiat.png  used on input line 1229.
(pdftex.def)             Requested size: 155.05225pt x 136.71997pt.
<media/profile.png, id=875, 1425.07407pt x 581.92406pt>
File: media/profile.png Graphic file (type png)
<use media/profile.png>
Package pdftex.def Info: media/profile.png  used on input line 1239.
(pdftex.def)             Requested size: 310.10449pt x 126.62961pt.
 [45 <./media/cv analysis.png> <./media/plagiat.png>]
<media/admin dashboard.png, id=882, 1426.57968pt x 648.92438pt>
File: media/admin dashboard.png Graphic file (type png)
<use media/admin dashboard.png>
Package pdftex.def Info: media/admin dashboard.png  used on input line 1258.
(pdftex.def)             Requested size: 310.10449pt x 141.0607pt.
 [46 <./media/profile.png> <./media/admin dashboard.png>] [47] [48]
<media/snetiment anlysis.png, id=913, 1432.60219pt x 654.94687pt>
File: media/snetiment anlysis.png Graphic file (type png)
<use media/snetiment anlysis.png>
Package pdftex.def Info: media/snetiment anlysis.png  used on input line 1329.
(pdftex.def)             Requested size: 310.10449pt x 141.77022pt.
File: media/courses.png Graphic file (type png)
<use media/courses.png>
Package pdftex.def Info: media/courses.png  used on input line 1352.
(pdftex.def)             Requested size: 310.10449pt x 141.2391pt.
 [49 <./media/snetiment anlysis.png>]
<media/cover letter.png, id=919, 837.1275pt x 639.13782pt>
File: media/cover letter.png Graphic file (type png)
<use media/cover letter.png>
Package pdftex.def Info: media/cover letter.png  used on input line 1375.
(pdftex.def)             Requested size: 310.10449pt x 236.76012pt.
 [50] [51 <./media/cover letter.png>] [52]
Chapter 7.
[53

] [54] [55] [56] [57] [58] [59]
Chapter 8.
[60

] [61] [62] [63] [64] [65] [66]
Chapter 9.

Overfull \hbox (16.6192pt too wide) in paragraph at lines 1739--1740
\T1/lmr/m/it/12 (-20) ence Doc-u-men-ta-tion\T1/lmr/m/n/12 (-20) . Re-trieved from https://docs.spring.io/spring-
 []

[67

] [68] (report.aux)
 ***********
LaTeX2e <2023-11-01> patch level 1
L3 programming layer <2024-01-04>
 ***********
Package rerunfilecheck Info: File `report.out' has not changed.
(rerunfilecheck)             Checksum: 20D2D194CB3F9B8862C49389F4FC60AB;18890.
 ) 
Here is how much of TeX's memory you used:
 13988 strings out of 474486
 226340 string characters out of 5743755
 1946542 words of memory out of 5000000
 35592 multiletter control sequences out of 15000+600000
 631113 words of font info for 195 fonts, out of 8000000 for 9000
 1141 hyphenation exceptions out of 8191
 75i,16n,79p,1061b,689s stack positions out of 10000i,1000n,20000p,200000b,200000s
<C:/Users/zbira/AppData/Local/Programs/MiKTeX/fonts/type1/public/lm/lmbx10.pfb><C:/Users/zbira/AppData/Local/Programs/MiKTeX/fonts/type1/public/lm/lmbx12.pfb><C:/Users/zbira/AppData/Local/Programs/MiKTeX/fonts/type1/public/lm/lmr10.pfb><C:/Users/zbira/AppData/Local/Programs/MiKTeX/fonts/type1/public/lm/lmr12.pfb><C:/Users/zbira/AppData/Local/Programs/MiKTeX/fonts/type1/public/lm/lmri12.pfb>
Output written on report.pdf (76 pages, 3315503 bytes).
PDF statistics:
 1093 PDF objects out of 1200 (max. 8388607)
 235 named destinations out of 1000 (max. 500000)
 41997 words of extra memory for PDF output out of 42996 (max. 10000000)

